<?xml version="1.0" encoding="UTF-8"?>
<!-- Generated by org.testng.reporters.JUnitXMLReporter -->
<testsuite ignored="2" hostname="Saimas-MBP.bbrouter" failures="0" tests="1" name="Default test" time="1.707" errors="0" timestamp="2024-10-13T19:52:18 PKT">
  <testcase classname="apiAutomation.restAssuredApis" name="testLoginPostRequest" time="1.546"/>
  <testcase classname="apiAutomation.restAssuredApis" name="testSecuritySSOGetRequest" time="0.0">
    <ignored/>
  </testcase> <!-- testSecuritySSOGetRequest -->
  <testcase classname="apiAutomation.restAssuredApis" name="testUpdateProfilePutRequest" time="0.0">
    <ignored/>
  </testcase> <!-- testUpdateProfilePutRequest -->
</testsuite> <!-- Default test -->
