<?xml version="1.0" encoding="UTF-8"?>
<!-- Generated by org.testng.reporters.JUnitXMLReporter -->
<testsuite ignored="0" hostname="Saimas-MBP.bbrouter" failures="0" tests="3" name="Default test" time="2.549" errors="0" timestamp="2024-10-13T19:38:02 PKT">
  <testcase classname="apiAutomation.restAssuredApis" name="testLoginPostRequest" time="1.402"/>
  <testcase classname="apiAutomation.restAssuredApis" name="testSecuritySSOGetRequest" time="0.475"/>
  <testcase classname="apiAutomation.restAssuredApis" name="testUpdateProfilePutRequest" time="0.511"/>
</testsuite> <!-- Default test -->
