<?xml version="1.0" encoding="UTF-8"?>
<testng-results ignored="0" total="3" passed="3" failed="0" skipped="0">
  <reporter-output>
  </reporter-output>
  <suite started-at="2024-10-13T00:31:07 PKT" name="Default suite" finished-at="2024-10-13T00:31:09 PKT" duration-ms="2322">
    <groups>
    </groups>
    <test started-at="2024-10-13T00:31:07 PKT" name="Default test" finished-at="2024-10-13T00:31:09 PKT" duration-ms="2322">
      <class name="apiAutomation.restAssuredApis">
        <test-method is-config="true" signature="setup()[pri:0, instance:apiAutomation.restAssuredApis@48f2bd5b]" started-at="2024-10-13T00:31:07 PKT" name="setup" finished-at="2024-10-13T00:31:07 PKT" duration-ms="146" status="PASS">
          <reporter-output>
          </reporter-output>
        </test-method> <!-- setup -->
        <test-method signature="testLogin()[pri:0, instance:apiAutomation.restAssuredApis@48f2bd5b]" started-at="2024-10-13T00:31:07 PKT" name="testLogin" finished-at="2024-10-13T00:31:09 PKT" duration-ms="1444" status="PASS">
          <reporter-output>
          </reporter-output>
        </test-method> <!-- testLogin -->
        <test-method signature="testSecurityPage()[pri:0, instance:apiAutomation.restAssuredApis@48f2bd5b]" started-at="2024-10-13T00:31:09 PKT" name="testSecurityPage" finished-at="2024-10-13T00:31:09 PKT" depends-on-methods="apiAutomation.restAssuredApis.testLogin" duration-ms="496" status="PASS">
          <reporter-output>
          </reporter-output>
        </test-method> <!-- testSecurityPage -->
        <test-method signature="testUpdateProfile()[pri:0, instance:apiAutomation.restAssuredApis@48f2bd5b]" started-at="2024-10-13T00:31:09 PKT" name="testUpdateProfile" finished-at="2024-10-13T00:31:09 PKT" depends-on-methods="apiAutomation.restAssuredApis.testLogin" duration-ms="217" status="PASS">
          <reporter-output>
          </reporter-output>
        </test-method> <!-- testUpdateProfile -->
      </class> <!-- apiAutomation.restAssuredApis -->
    </test> <!-- Default test -->
  </suite> <!-- Default suite -->
</testng-results>
